<?xml version="1.0" encoding="UTF-8"?>
<testsuite xmlns:xsi="http://www.w3.org/2001/XMLSchema-instance" xsi:noNamespaceSchemaLocation="https://maven.apache.org/surefire/maven-surefire-plugin/xsd/surefire-test-report-3.0.xsd" version="3.0" name="TestSuite" time="47.433" tests="3" errors="0" skipped="0" failures="1">
  <properties>
    <property name="gopherProxySet" value="false"/>
    <property name="awt.toolkit" value="sun.lwawt.macosx.LWCToolkit"/>
    <property name="java.specification.version" value="11"/>
    <property name="webdriver.chrome.driver" value="/Users/harshithakeshav/Downloads/chromedriver"/>
    <property name="sun.cpu.isalist" value=""/>
    <property name="sun.jnu.encoding" value="UTF-8"/>
    <property name="java.class.path" value="/Users/harshithakeshav/IdeaProjects/Zoom_FrameWork_TestNG/target/test-classes:/Users/harshithakeshav/IdeaProjects/Zoom_FrameWork_TestNG/target/classes:/Users/harshithakeshav/.m2/repository/org/apache/maven/maven-plugin-api/3.8.2/maven-plugin-api-3.8.2.jar:/Users/harshithakeshav/.m2/repository/org/apache/maven/maven-model/3.8.2/maven-model-3.8.2.jar:/Users/harshithakeshav/.m2/repository/org/apache/maven/maven-artifact/3.8.2/maven-artifact-3.8.2.jar:/Users/harshithakeshav/.m2/repository/org/apache/commons/commons-lang3/3.8.1/commons-lang3-3.8.1.jar:/Users/harshithakeshav/.m2/repository/org/eclipse/sisu/org.eclipse.sisu.plexus/0.3.4/org.eclipse.sisu.plexus-0.3.4.jar:/Users/harshithakeshav/.m2/repository/javax/enterprise/cdi-api/1.0/cdi-api-1.0.jar:/Users/harshithakeshav/.m2/repository/javax/annotation/jsr250-api/1.0/jsr250-api-1.0.jar:/Users/harshithakeshav/.m2/repository/javax/inject/javax.inject/1/javax.inject-1.jar:/Users/harshithakeshav/.m2/repository/org/eclipse/sisu/org.eclipse.sisu.inject/0.3.4/org.eclipse.sisu.inject-0.3.4.jar:/Users/harshithakeshav/.m2/repository/org/codehaus/plexus/plexus-component-annotations/1.5.5/plexus-component-annotations-1.5.5.jar:/Users/harshithakeshav/.m2/repository/org/codehaus/plexus/plexus-utils/3.2.1/plexus-utils-3.2.1.jar:/Users/harshithakeshav/.m2/repository/org/codehaus/plexus/plexus-classworlds/2.6.0/plexus-classworlds-2.6.0.jar:/Users/harshithakeshav/.m2/repository/org/seleniumhq/selenium/selenium-java/4.0.0-rc-1/selenium-java-4.0.0-rc-1.jar:/Users/harshithakeshav/.m2/repository/org/seleniumhq/selenium/selenium-api/4.0.0-rc-1/selenium-api-4.0.0-rc-1.jar:/Users/harshithakeshav/.m2/repository/org/seleniumhq/selenium/selenium-chrome-driver/4.0.0-rc-1/selenium-chrome-driver-4.0.0-rc-1.jar:/Users/harshithakeshav/.m2/repository/com/google/auto/service/auto-service-annotations/1.0/auto-service-annotations-1.0.jar:/Users/harshithakeshav/.m2/repository/com/google/auto/service/auto-service/1.0/auto-service-1.0.jar:/Users/harshithakeshav/.m2/repository/com/google/auto/auto-common/1.0/auto-common-1.0.jar:/Users/harshithakeshav/.m2/repository/com/google/guava/guava/30.1.1-jre/guava-30.1.1-jre.jar:/Users/harshithakeshav/.m2/repository/com/google/guava/failureaccess/1.0.1/failureaccess-1.0.1.jar:/Users/harshithakeshav/.m2/repository/com/google/guava/listenablefuture/9999.0-empty-to-avoid-conflict-with-guava/listenablefuture-9999.0-empty-to-avoid-conflict-with-guava.jar:/Users/harshithakeshav/.m2/repository/com/google/code/findbugs/jsr305/3.0.2/jsr305-3.0.2.jar:/Users/harshithakeshav/.m2/repository/org/checkerframework/checker-qual/3.8.0/checker-qual-3.8.0.jar:/Users/harshithakeshav/.m2/repository/com/google/errorprone/error_prone_annotations/2.5.1/error_prone_annotations-2.5.1.jar:/Users/harshithakeshav/.m2/repository/com/google/j2objc/j2objc-annotations/1.3/j2objc-annotations-1.3.jar:/Users/harshithakeshav/.m2/repository/org/seleniumhq/selenium/selenium-chromium-driver/4.0.0-rc-1/selenium-chromium-driver-4.0.0-rc-1.jar:/Users/harshithakeshav/.m2/repository/org/seleniumhq/selenium/selenium-devtools/4.0.0-rc-1/selenium-devtools-4.0.0-rc-1.jar:/Users/harshithakeshav/.m2/repository/org/seleniumhq/selenium/selenium-http/4.0.0-rc-1/selenium-http-4.0.0-rc-1.jar:/Users/harshithakeshav/.m2/repository/org/seleniumhq/selenium/selenium-json/4.0.0-rc-1/selenium-json-4.0.0-rc-1.jar:/Users/harshithakeshav/.m2/repository/org/seleniumhq/selenium/selenium-devtools-v85/4.0.0-rc-1/selenium-devtools-v85-4.0.0-rc-1.jar:/Users/harshithakeshav/.m2/repository/org/seleniumhq/selenium/selenium-devtools-v92/4.0.0-rc-1/selenium-devtools-v92-4.0.0-rc-1.jar:/Users/harshithakeshav/.m2/repository/org/seleniumhq/selenium/selenium-devtools-v93/4.0.0-rc-1/selenium-devtools-v93-4.0.0-rc-1.jar:/Users/harshithakeshav/.m2/repository/org/seleniumhq/selenium/selenium-edge-driver/4.0.0-rc-1/selenium-edge-driver-4.0.0-rc-1.jar:/Users/harshithakeshav/.m2/repository/org/seleniumhq/selenium/selenium-firefox-driver/4.0.0-rc-1/selenium-firefox-driver-4.0.0-rc-1.jar:/Users/harshithakeshav/.m2/repository/org/seleniumhq/selenium/selenium-firefox-xpi-driver/4.0.0-rc-1/selenium-firefox-xpi-driver-4.0.0-rc-1.jar:/Users/harshithakeshav/.m2/repository/org/seleniumhq/selenium/selenium-ie-driver/4.0.0-rc-1/selenium-ie-driver-4.0.0-rc-1.jar:/Users/harshithakeshav/.m2/repository/org/seleniumhq/selenium/selenium-opera-driver/4.0.0-rc-1/selenium-opera-driver-4.0.0-rc-1.jar:/Users/harshithakeshav/.m2/repository/org/seleniumhq/selenium/selenium-remote-driver/4.0.0-rc-1/selenium-remote-driver-4.0.0-rc-1.jar:/Users/harshithakeshav/.m2/repository/io/netty/netty-buffer/4.1.67.Final/netty-buffer-4.1.67.Final.jar:/Users/harshithakeshav/.m2/repository/io/netty/netty-codec-http/4.1.67.Final/netty-codec-http-4.1.67.Final.jar:/Users/harshithakeshav/.m2/repository/io/netty/netty-codec/4.1.67.Final/netty-codec-4.1.67.Final.jar:/Users/harshithakeshav/.m2/repository/io/netty/netty-handler/4.1.67.Final/netty-handler-4.1.67.Final.jar:/Users/harshithakeshav/.m2/repository/io/netty/netty-common/4.1.67.Final/netty-common-4.1.67.Final.jar:/Users/harshithakeshav/.m2/repository/io/netty/netty-transport-native-epoll/4.1.67.Final/netty-transport-native-epoll-4.1.67.Final.jar:/Users/harshithakeshav/.m2/repository/io/netty/netty-transport-native-kqueue/4.1.67.Final/netty-transport-native-kqueue-4.1.67.Final.jar:/Users/harshithakeshav/.m2/repository/io/netty/netty-transport-native-unix-common/4.1.67.Final/netty-transport-native-unix-common-4.1.67.Final.jar:/Users/harshithakeshav/.m2/repository/io/netty/netty-transport/4.1.67.Final/netty-transport-4.1.67.Final.jar:/Users/harshithakeshav/.m2/repository/io/netty/netty-resolver/4.1.67.Final/netty-resolver-4.1.67.Final.jar:/Users/harshithakeshav/.m2/repository/io/opentelemetry/opentelemetry-api/1.5.0/opentelemetry-api-1.5.0.jar:/Users/harshithakeshav/.m2/repository/io/opentelemetry/opentelemetry-context/1.5.0/opentelemetry-context-1.5.0.jar:/Users/harshithakeshav/.m2/repository/io/opentelemetry/opentelemetry-exporter-logging/1.5.0/opentelemetry-exporter-logging-1.5.0.jar:/Users/harshithakeshav/.m2/repository/io/opentelemetry/opentelemetry-sdk-metrics/1.5.0-alpha/opentelemetry-sdk-metrics-1.5.0-alpha.jar:/Users/harshithakeshav/.m2/repository/io/opentelemetry/opentelemetry-sdk-common/1.5.0/opentelemetry-sdk-common-1.5.0.jar:/Users/harshithakeshav/.m2/repository/io/opentelemetry/opentelemetry-sdk-extension-autoconfigure/1.5.0-alpha/opentelemetry-sdk-extension-autoconfigure-1.5.0-alpha.jar:/Users/harshithakeshav/.m2/repository/io/opentelemetry/opentelemetry-sdk-trace/1.5.0/opentelemetry-sdk-trace-1.5.0.jar:/Users/harshithakeshav/.m2/repository/io/opentelemetry/opentelemetry-api-metrics/1.5.0-alpha/opentelemetry-api-metrics-1.5.0-alpha.jar:/Users/harshithakeshav/.m2/repository/io/opentelemetry/opentelemetry-sdk/1.5.0/opentelemetry-sdk-1.5.0.jar:/Users/harshithakeshav/.m2/repository/io/opentelemetry/opentelemetry-semconv/1.5.0-alpha/opentelemetry-semconv-1.5.0-alpha.jar:/Users/harshithakeshav/.m2/repository/io/ous/jtoml/2.0.0/jtoml-2.0.0.jar:/Users/harshithakeshav/.m2/repository/net/bytebuddy/byte-buddy/1.11.13/byte-buddy-1.11.13.jar:/Users/harshithakeshav/.m2/repository/org/apache/commons/commons-exec/1.3/commons-exec-1.3.jar:/Users/harshithakeshav/.m2/repository/org/asynchttpclient/async-http-client/2.12.3/async-http-client-2.12.3.jar:/Users/harshithakeshav/.m2/repository/org/asynchttpclient/async-http-client-netty-utils/2.12.3/async-http-client-netty-utils-2.12.3.jar:/Users/harshithakeshav/.m2/repository/io/netty/netty-codec-socks/4.1.60.Final/netty-codec-socks-4.1.60.Final.jar:/Users/harshithakeshav/.m2/repository/io/netty/netty-handler-proxy/4.1.60.Final/netty-handler-proxy-4.1.60.Final.jar:/Users/harshithakeshav/.m2/repository/io/netty/netty-transport-native-epoll/4.1.60.Final/netty-transport-native-epoll-4.1.60.Final-linux-x86_64.jar:/Users/harshithakeshav/.m2/repository/io/netty/netty-transport-native-kqueue/4.1.60.Final/netty-transport-native-kqueue-4.1.60.Final-osx-x86_64.jar:/Users/harshithakeshav/.m2/repository/com/typesafe/netty/netty-reactive-streams/2.0.4/netty-reactive-streams-2.0.4.jar:/Users/harshithakeshav/.m2/repository/org/slf4j/slf4j-api/1.7.30/slf4j-api-1.7.30.jar:/Users/harshithakeshav/.m2/repository/com/sun/activation/jakarta.activation/1.2.2/jakarta.activation-1.2.2.jar:/Users/harshithakeshav/.m2/repository/org/seleniumhq/selenium/selenium-safari-driver/4.0.0-rc-1/selenium-safari-driver-4.0.0-rc-1.jar:/Users/harshithakeshav/.m2/repository/org/seleniumhq/selenium/selenium-support/4.0.0-rc-1/selenium-support-4.0.0-rc-1.jar:/Users/harshithakeshav/.m2/repository/org/testng/testng/7.4.0/testng-7.4.0.jar:/Users/harshithakeshav/.m2/repository/com/beust/jcommander/1.78/jcommander-1.78.jar:/Users/harshithakeshav/.m2/repository/org/webjars/jquery/3.5.1/jquery-3.5.1.jar:/Users/harshithakeshav/.m2/repository/org/apache/logging/log4j/log4j-api/2.14.1/log4j-api-2.14.1.jar:/Users/harshithakeshav/.m2/repository/org/apache/logging/log4j/log4j-core/2.14.1/log4j-core-2.14.1.jar:/Users/harshithakeshav/.m2/repository/commons-io/commons-io/2.11.0/commons-io-2.11.0.jar:/Users/harshithakeshav/.m2/repository/com/aventstack/extentreports/5.0.9/extentreports-5.0.9.jar:/Users/harshithakeshav/.m2/repository/io/reactivex/rxjava3/rxjava/3.0.4/rxjava-3.0.4.jar:/Users/harshithakeshav/.m2/repository/org/reactivestreams/reactive-streams/1.0.3/reactive-streams-1.0.3.jar:/Users/harshithakeshav/.m2/repository/org/freemarker/freemarker/2.3.30/freemarker-2.3.30.jar:/Users/harshithakeshav/.m2/repository/org/projectlombok/lombok/1.18.12/lombok-1.18.12.jar:/Users/harshithakeshav/.m2/repository/com/google/code/gson/gson/2.8.6/gson-2.8.6.jar:"/>
    <property name="java.vm.vendor" value="Oracle Corporation"/>
    <property name="sun.arch.data.model" value="64"/>
    <property name="java.vendor.url" value="https://openjdk.java.net/"/>
    <property name="user.timezone" value="America/Toronto"/>
    <property name="java.vm.specification.version" value="11"/>
    <property name="os.name" value="Mac OS X"/>
    <property name="sun.java.launcher" value="SUN_STANDARD"/>
    <property name="user.country" value="CA"/>
    <property name="sun.boot.library.path" value="/Library/Java/JavaVirtualMachines/jdk-11.0.11.jdk/Contents/Home/lib"/>
    <property name="sun.java.command" value="/Users/harshithakeshav/IdeaProjects/Zoom_FrameWork_TestNG/target/surefire/surefirebooter3025790118217912428.jar /Users/harshithakeshav/IdeaProjects/Zoom_FrameWork_TestNG/target/surefire 2021-10-02T18-20-05_778-jvmRun1 surefire5450146564995768982tmp surefire_07927640040911697671tmp"/>
    <property name="http.nonProxyHosts" value="local|*.local|169.254/16|*.169.254/16"/>
    <property name="jdk.debug" value="release"/>
    <property name="surefire.test.class.path" value="/Users/harshithakeshav/IdeaProjects/Zoom_FrameWork_TestNG/target/test-classes:/Users/harshithakeshav/IdeaProjects/Zoom_FrameWork_TestNG/target/classes:/Users/harshithakeshav/.m2/repository/org/apache/maven/maven-plugin-api/3.8.2/maven-plugin-api-3.8.2.jar:/Users/harshithakeshav/.m2/repository/org/apache/maven/maven-model/3.8.2/maven-model-3.8.2.jar:/Users/harshithakeshav/.m2/repository/org/apache/maven/maven-artifact/3.8.2/maven-artifact-3.8.2.jar:/Users/harshithakeshav/.m2/repository/org/apache/commons/commons-lang3/3.8.1/commons-lang3-3.8.1.jar:/Users/harshithakeshav/.m2/repository/org/eclipse/sisu/org.eclipse.sisu.plexus/0.3.4/org.eclipse.sisu.plexus-0.3.4.jar:/Users/harshithakeshav/.m2/repository/javax/enterprise/cdi-api/1.0/cdi-api-1.0.jar:/Users/harshithakeshav/.m2/repository/javax/annotation/jsr250-api/1.0/jsr250-api-1.0.jar:/Users/harshithakeshav/.m2/repository/javax/inject/javax.inject/1/javax.inject-1.jar:/Users/harshithakeshav/.m2/repository/org/eclipse/sisu/org.eclipse.sisu.inject/0.3.4/org.eclipse.sisu.inject-0.3.4.jar:/Users/harshithakeshav/.m2/repository/org/codehaus/plexus/plexus-component-annotations/1.5.5/plexus-component-annotations-1.5.5.jar:/Users/harshithakeshav/.m2/repository/org/codehaus/plexus/plexus-utils/3.2.1/plexus-utils-3.2.1.jar:/Users/harshithakeshav/.m2/repository/org/codehaus/plexus/plexus-classworlds/2.6.0/plexus-classworlds-2.6.0.jar:/Users/harshithakeshav/.m2/repository/org/seleniumhq/selenium/selenium-java/4.0.0-rc-1/selenium-java-4.0.0-rc-1.jar:/Users/harshithakeshav/.m2/repository/org/seleniumhq/selenium/selenium-api/4.0.0-rc-1/selenium-api-4.0.0-rc-1.jar:/Users/harshithakeshav/.m2/repository/org/seleniumhq/selenium/selenium-chrome-driver/4.0.0-rc-1/selenium-chrome-driver-4.0.0-rc-1.jar:/Users/harshithakeshav/.m2/repository/com/google/auto/service/auto-service-annotations/1.0/auto-service-annotations-1.0.jar:/Users/harshithakeshav/.m2/repository/com/google/auto/service/auto-service/1.0/auto-service-1.0.jar:/Users/harshithakeshav/.m2/repository/com/google/auto/auto-common/1.0/auto-common-1.0.jar:/Users/harshithakeshav/.m2/repository/com/google/guava/guava/30.1.1-jre/guava-30.1.1-jre.jar:/Users/harshithakeshav/.m2/repository/com/google/guava/failureaccess/1.0.1/failureaccess-1.0.1.jar:/Users/harshithakeshav/.m2/repository/com/google/guava/listenablefuture/9999.0-empty-to-avoid-conflict-with-guava/listenablefuture-9999.0-empty-to-avoid-conflict-with-guava.jar:/Users/harshithakeshav/.m2/repository/com/google/code/findbugs/jsr305/3.0.2/jsr305-3.0.2.jar:/Users/harshithakeshav/.m2/repository/org/checkerframework/checker-qual/3.8.0/checker-qual-3.8.0.jar:/Users/harshithakeshav/.m2/repository/com/google/errorprone/error_prone_annotations/2.5.1/error_prone_annotations-2.5.1.jar:/Users/harshithakeshav/.m2/repository/com/google/j2objc/j2objc-annotations/1.3/j2objc-annotations-1.3.jar:/Users/harshithakeshav/.m2/repository/org/seleniumhq/selenium/selenium-chromium-driver/4.0.0-rc-1/selenium-chromium-driver-4.0.0-rc-1.jar:/Users/harshithakeshav/.m2/repository/org/seleniumhq/selenium/selenium-devtools/4.0.0-rc-1/selenium-devtools-4.0.0-rc-1.jar:/Users/harshithakeshav/.m2/repository/org/seleniumhq/selenium/selenium-http/4.0.0-rc-1/selenium-http-4.0.0-rc-1.jar:/Users/harshithakeshav/.m2/repository/org/seleniumhq/selenium/selenium-json/4.0.0-rc-1/selenium-json-4.0.0-rc-1.jar:/Users/harshithakeshav/.m2/repository/org/seleniumhq/selenium/selenium-devtools-v85/4.0.0-rc-1/selenium-devtools-v85-4.0.0-rc-1.jar:/Users/harshithakeshav/.m2/repository/org/seleniumhq/selenium/selenium-devtools-v92/4.0.0-rc-1/selenium-devtools-v92-4.0.0-rc-1.jar:/Users/harshithakeshav/.m2/repository/org/seleniumhq/selenium/selenium-devtools-v93/4.0.0-rc-1/selenium-devtools-v93-4.0.0-rc-1.jar:/Users/harshithakeshav/.m2/repository/org/seleniumhq/selenium/selenium-edge-driver/4.0.0-rc-1/selenium-edge-driver-4.0.0-rc-1.jar:/Users/harshithakeshav/.m2/repository/org/seleniumhq/selenium/selenium-firefox-driver/4.0.0-rc-1/selenium-firefox-driver-4.0.0-rc-1.jar:/Users/harshithakeshav/.m2/repository/org/seleniumhq/selenium/selenium-firefox-xpi-driver/4.0.0-rc-1/selenium-firefox-xpi-driver-4.0.0-rc-1.jar:/Users/harshithakeshav/.m2/repository/org/seleniumhq/selenium/selenium-ie-driver/4.0.0-rc-1/selenium-ie-driver-4.0.0-rc-1.jar:/Users/harshithakeshav/.m2/repository/org/seleniumhq/selenium/selenium-opera-driver/4.0.0-rc-1/selenium-opera-driver-4.0.0-rc-1.jar:/Users/harshithakeshav/.m2/repository/org/seleniumhq/selenium/selenium-remote-driver/4.0.0-rc-1/selenium-remote-driver-4.0.0-rc-1.jar:/Users/harshithakeshav/.m2/repository/io/netty/netty-buffer/4.1.67.Final/netty-buffer-4.1.67.Final.jar:/Users/harshithakeshav/.m2/repository/io/netty/netty-codec-http/4.1.67.Final/netty-codec-http-4.1.67.Final.jar:/Users/harshithakeshav/.m2/repository/io/netty/netty-codec/4.1.67.Final/netty-codec-4.1.67.Final.jar:/Users/harshithakeshav/.m2/repository/io/netty/netty-handler/4.1.67.Final/netty-handler-4.1.67.Final.jar:/Users/harshithakeshav/.m2/repository/io/netty/netty-common/4.1.67.Final/netty-common-4.1.67.Final.jar:/Users/harshithakeshav/.m2/repository/io/netty/netty-transport-native-epoll/4.1.67.Final/netty-transport-native-epoll-4.1.67.Final.jar:/Users/harshithakeshav/.m2/repository/io/netty/netty-transport-native-kqueue/4.1.67.Final/netty-transport-native-kqueue-4.1.67.Final.jar:/Users/harshithakeshav/.m2/repository/io/netty/netty-transport-native-unix-common/4.1.67.Final/netty-transport-native-unix-common-4.1.67.Final.jar:/Users/harshithakeshav/.m2/repository/io/netty/netty-transport/4.1.67.Final/netty-transport-4.1.67.Final.jar:/Users/harshithakeshav/.m2/repository/io/netty/netty-resolver/4.1.67.Final/netty-resolver-4.1.67.Final.jar:/Users/harshithakeshav/.m2/repository/io/opentelemetry/opentelemetry-api/1.5.0/opentelemetry-api-1.5.0.jar:/Users/harshithakeshav/.m2/repository/io/opentelemetry/opentelemetry-context/1.5.0/opentelemetry-context-1.5.0.jar:/Users/harshithakeshav/.m2/repository/io/opentelemetry/opentelemetry-exporter-logging/1.5.0/opentelemetry-exporter-logging-1.5.0.jar:/Users/harshithakeshav/.m2/repository/io/opentelemetry/opentelemetry-sdk-metrics/1.5.0-alpha/opentelemetry-sdk-metrics-1.5.0-alpha.jar:/Users/harshithakeshav/.m2/repository/io/opentelemetry/opentelemetry-sdk-common/1.5.0/opentelemetry-sdk-common-1.5.0.jar:/Users/harshithakeshav/.m2/repository/io/opentelemetry/opentelemetry-sdk-extension-autoconfigure/1.5.0-alpha/opentelemetry-sdk-extension-autoconfigure-1.5.0-alpha.jar:/Users/harshithakeshav/.m2/repository/io/opentelemetry/opentelemetry-sdk-trace/1.5.0/opentelemetry-sdk-trace-1.5.0.jar:/Users/harshithakeshav/.m2/repository/io/opentelemetry/opentelemetry-api-metrics/1.5.0-alpha/opentelemetry-api-metrics-1.5.0-alpha.jar:/Users/harshithakeshav/.m2/repository/io/opentelemetry/opentelemetry-sdk/1.5.0/opentelemetry-sdk-1.5.0.jar:/Users/harshithakeshav/.m2/repository/io/opentelemetry/opentelemetry-semconv/1.5.0-alpha/opentelemetry-semconv-1.5.0-alpha.jar:/Users/harshithakeshav/.m2/repository/io/ous/jtoml/2.0.0/jtoml-2.0.0.jar:/Users/harshithakeshav/.m2/repository/net/bytebuddy/byte-buddy/1.11.13/byte-buddy-1.11.13.jar:/Users/harshithakeshav/.m2/repository/org/apache/commons/commons-exec/1.3/commons-exec-1.3.jar:/Users/harshithakeshav/.m2/repository/org/asynchttpclient/async-http-client/2.12.3/async-http-client-2.12.3.jar:/Users/harshithakeshav/.m2/repository/org/asynchttpclient/async-http-client-netty-utils/2.12.3/async-http-client-netty-utils-2.12.3.jar:/Users/harshithakeshav/.m2/repository/io/netty/netty-codec-socks/4.1.60.Final/netty-codec-socks-4.1.60.Final.jar:/Users/harshithakeshav/.m2/repository/io/netty/netty-handler-proxy/4.1.60.Final/netty-handler-proxy-4.1.60.Final.jar:/Users/harshithakeshav/.m2/repository/io/netty/netty-transport-native-epoll/4.1.60.Final/netty-transport-native-epoll-4.1.60.Final-linux-x86_64.jar:/Users/harshithakeshav/.m2/repository/io/netty/netty-transport-native-kqueue/4.1.60.Final/netty-transport-native-kqueue-4.1.60.Final-osx-x86_64.jar:/Users/harshithakeshav/.m2/repository/com/typesafe/netty/netty-reactive-streams/2.0.4/netty-reactive-streams-2.0.4.jar:/Users/harshithakeshav/.m2/repository/org/slf4j/slf4j-api/1.7.30/slf4j-api-1.7.30.jar:/Users/harshithakeshav/.m2/repository/com/sun/activation/jakarta.activation/1.2.2/jakarta.activation-1.2.2.jar:/Users/harshithakeshav/.m2/repository/org/seleniumhq/selenium/selenium-safari-driver/4.0.0-rc-1/selenium-safari-driver-4.0.0-rc-1.jar:/Users/harshithakeshav/.m2/repository/org/seleniumhq/selenium/selenium-support/4.0.0-rc-1/selenium-support-4.0.0-rc-1.jar:/Users/harshithakeshav/.m2/repository/org/testng/testng/7.4.0/testng-7.4.0.jar:/Users/harshithakeshav/.m2/repository/com/beust/jcommander/1.78/jcommander-1.78.jar:/Users/harshithakeshav/.m2/repository/org/webjars/jquery/3.5.1/jquery-3.5.1.jar:/Users/harshithakeshav/.m2/repository/org/apache/logging/log4j/log4j-api/2.14.1/log4j-api-2.14.1.jar:/Users/harshithakeshav/.m2/repository/org/apache/logging/log4j/log4j-core/2.14.1/log4j-core-2.14.1.jar:/Users/harshithakeshav/.m2/repository/commons-io/commons-io/2.11.0/commons-io-2.11.0.jar:/Users/harshithakeshav/.m2/repository/com/aventstack/extentreports/5.0.9/extentreports-5.0.9.jar:/Users/harshithakeshav/.m2/repository/io/reactivex/rxjava3/rxjava/3.0.4/rxjava-3.0.4.jar:/Users/harshithakeshav/.m2/repository/org/reactivestreams/reactive-streams/1.0.3/reactive-streams-1.0.3.jar:/Users/harshithakeshav/.m2/repository/org/freemarker/freemarker/2.3.30/freemarker-2.3.30.jar:/Users/harshithakeshav/.m2/repository/org/projectlombok/lombok/1.18.12/lombok-1.18.12.jar:/Users/harshithakeshav/.m2/repository/com/google/code/gson/gson/2.8.6/gson-2.8.6.jar:"/>
    <property name="sun.cpu.endian" value="little"/>
    <property name="user.home" value="/Users/harshithakeshav"/>
    <property name="user.language" value="en"/>
    <property name="java.specification.vendor" value="Oracle Corporation"/>
    <property name="java.version.date" value="2021-04-20"/>
    <property name="java.home" value="/Library/Java/JavaVirtualMachines/jdk-11.0.11.jdk/Contents/Home"/>
    <property name="file.separator" value="/"/>
    <property name="basedir" value="/Users/harshithakeshav/IdeaProjects/Zoom_FrameWork_TestNG"/>
    <property name="java.vm.compressedOopsMode" value="Zero based"/>
    <property name="line.separator" value="&#10;"/>
    <property name="java.specification.name" value="Java Platform API Specification"/>
    <property name="java.vm.specification.vendor" value="Oracle Corporation"/>
    <property name="java.awt.graphicsenv" value="sun.awt.CGraphicsEnvironment"/>
    <property name="surefire.real.class.path" value="/Users/harshithakeshav/IdeaProjects/Zoom_FrameWork_TestNG/target/surefire/surefirebooter3025790118217912428.jar"/>
    <property name="sun.management.compiler" value="HotSpot 64-Bit Tiered Compilers"/>
    <property name="ftp.nonProxyHosts" value="local|*.local|169.254/16|*.169.254/16"/>
    <property name="java.runtime.version" value="11.0.11+9-LTS-194"/>
    <property name="user.name" value="harshithakeshav"/>
    <property name="path.separator" value=":"/>
    <property name="os.version" value="10.16"/>
    <property name="java.runtime.name" value="Java(TM) SE Runtime Environment"/>
    <property name="file.encoding" value="UTF-8"/>
    <property name="sun.nio.ch.bugLevel" value=""/>
    <property name="java.vm.name" value="Java HotSpot(TM) 64-Bit Server VM"/>
    <property name="java.vendor.version" value="18.9"/>
    <property name="localRepository" value="/Users/harshithakeshav/.m2/repository"/>
    <property name="java.vendor.url.bug" value="https://bugreport.java.com/bugreport/"/>
    <property name="java.io.tmpdir" value="/var/folders/4k/8dh31nz10j52f_hxl83nbx5h0000gn/T/"/>
    <property name="java.version" value="11.0.11"/>
    <property name="user.dir" value="/Users/harshithakeshav/IdeaProjects/Zoom_FrameWork_TestNG"/>
    <property name="os.arch" value="x86_64"/>
    <property name="java.vm.specification.name" value="Java Virtual Machine Specification"/>
    <property name="java.awt.printerjob" value="sun.lwawt.macosx.CPrinterJob"/>
    <property name="sun.os.patch.level" value="unknown"/>
    <property name="java.library.path" value="/Users/harshithakeshav/Library/Java/Extensions:/Library/Java/Extensions:/Network/Library/Java/Extensions:/System/Library/Java/Extensions:/usr/lib/java:."/>
    <property name="java.vendor" value="Oracle Corporation"/>
    <property name="java.vm.info" value="mixed mode"/>
    <property name="java.vm.version" value="11.0.11+9-LTS-194"/>
    <property name="sun.io.unicode.encoding" value="UnicodeBig"/>
    <property name="java.class.version" value="55.0"/>
    <property name="socksNonProxyHosts" value="local|*.local|169.254/16|*.169.254/16"/>
  </properties>
  <testcase name="test" classname="testscripts.BaseTest" time="12.532">
    <system-err><![CDATA[SLF4J: Failed to load class "org.slf4j.impl.StaticLoggerBinder".
SLF4J: Defaulting to no-operation (NOP) logger implementation
SLF4J: See http://www.slf4j.org/codes.html#StaticLoggerBinder for further details.
Starting ChromeDriver 94.0.4606.61 (418b78f5838ed0b1c69bb4e51ea0252171854915-refs/branch-heads/4606@{#1204}) on port 22872
Only local connections are allowed.
Please see https://chromedriver.chromium.org/security-considerations for suggestions on keeping ChromeDriver safe.
ChromeDriver was started successfully.
Starting ChromeDriver 94.0.4606.61 (418b78f5838ed0b1c69bb4e51ea0252171854915-refs/branch-heads/4606@{#1204}) on port 27663
Only local connections are allowed.
Please see https://chromedriver.chromium.org/security-considerations for suggestions on keeping ChromeDriver safe.
ChromeDriver was started successfully.
Oct. 02, 2021 6:20:18 P.M. org.openqa.selenium.remote.ProtocolHandshake createSession
INFO: Detected dialect: W3C
Oct. 02, 2021 6:20:19 P.M. org.openqa.selenium.devtools.CdpVersionFinder findNearestMatch
WARNING: Unable to find an exact match for CDP version 94, so returning the closest version found: 93
Oct. 02, 2021 6:20:19 P.M. org.openqa.selenium.devtools.CdpVersionFinder findNearestMatch
INFO: Found CDP implementation for version 94 of 93
Oct. 02, 2021 6:20:24 P.M. org.openqa.selenium.remote.ProtocolHandshake createSession
INFO: Detected dialect: W3C
Oct. 02, 2021 6:20:24 P.M. org.openqa.selenium.devtools.CdpVersionFinder findNearestMatch
WARNING: Unable to find an exact match for CDP version 94, so returning the closest version found: 93
Oct. 02, 2021 6:20:24 P.M. org.openqa.selenium.devtools.CdpVersionFinder findNearestMatch
INFO: Found CDP implementation for version 94 of 93
]]></system-err>
  </testcase>
  <testcase name="signInTest[abc@gmail.com, abc123](1)" classname="testscripts.SignInPageTest" time="2.494"/>
  <testcase name="signInTest[xyz@gmail.com, xy123](2)" classname="testscripts.SignInPageTest" time="2.186">
    <failure message="element click intercepted: Element &lt;button type=&quot;button&quot; class=&quot;btn btn-primary signin user disabled&quot; disabled=&quot;disabled&quot;&gt;...&lt;/button&gt; is not clickable at point (975, 455). Other element would receive the click: &lt;form id=&quot;login-form&quot; action=&quot;javascript:;&quot; autocomplete=&quot;off&quot; class=&quot;&quot; novalidate=&quot;novalidate&quot;&gt;...&lt;/form&gt;&#10;  (Session info: chrome=94.0.4606.61)&#10;Build info: version: &apos;4.0.0-rc-1&apos;, revision: &apos;bc5511cbda&apos;&#10;System info: host: &apos;Harshithas-MacBook-Pro.local&apos;, ip: &apos;2607:fea8:5aa3:1100:0:0:0:698d%en0&apos;, os.name: &apos;Mac OS X&apos;, os.arch: &apos;x86_64&apos;, os.version: &apos;10.16&apos;, java.version: &apos;11.0.11&apos;&#10;Driver info: org.openqa.selenium.chrome.ChromeDriver&#10;Command: [67eda134c39f2275df5d6589b323f1c6, clickElement {id=970921d1-29e8-4deb-88e2-aa1621aa9500}]&#10;Capabilities {acceptInsecureCerts: false, browserName: chrome, browserVersion: 94.0.4606.61, chrome: {chromedriverVersion: 94.0.4606.61 (418b78f5838ed..., userDataDir: /var/folders/4k/8dh31nz10j5...}, goog:chromeOptions: {debuggerAddress: localhost:63770}, javascriptEnabled: true, networkConnectionEnabled: false, pageLoadStrategy: normal, platform: MAC, platformName: MAC, proxy: Proxy(), se:cdp: ws://localhost:63770/devtoo..., se:cdpVersion: 94.0.4606.61, setWindowRect: true, strictFileInteractability: false, timeouts: {implicit: 0, pageLoad: 300000, script: 30000}, unhandledPromptBehavior: dismiss and notify, webauthn:extension:credBlob: true, webauthn:extension:largeBlob: true, webauthn:virtualAuthenticators: true}&#10;Element: [[ChromeDriver: chrome on MAC (67eda134c39f2275df5d6589b323f1c6)] -&gt; xpath: //div[@class=&apos;signin&apos;]/button]&#10;Session ID: 67eda134c39f2275df5d6589b323f1c6" type="org.openqa.selenium.ElementClickInterceptedException"><![CDATA[org.openqa.selenium.ElementClickInterceptedException: 
element click intercepted: Element <button type="button" class="btn btn-primary signin user disabled" disabled="disabled">...</button> is not clickable at point (975, 455). Other element would receive the click: <form id="login-form" action="javascript:;" autocomplete="off" class="" novalidate="novalidate">...</form>
  (Session info: chrome=94.0.4606.61)
Build info: version: '4.0.0-rc-1', revision: 'bc5511cbda'
System info: host: 'Harshithas-MacBook-Pro.local', ip: '2607:fea8:5aa3:1100:0:0:0:698d%en0', os.name: 'Mac OS X', os.arch: 'x86_64', os.version: '10.16', java.version: '11.0.11'
Driver info: org.openqa.selenium.chrome.ChromeDriver
Command: [67eda134c39f2275df5d6589b323f1c6, clickElement {id=970921d1-29e8-4deb-88e2-aa1621aa9500}]
Capabilities {acceptInsecureCerts: false, browserName: chrome, browserVersion: 94.0.4606.61, chrome: {chromedriverVersion: 94.0.4606.61 (418b78f5838ed..., userDataDir: /var/folders/4k/8dh31nz10j5...}, goog:chromeOptions: {debuggerAddress: localhost:63770}, javascriptEnabled: true, networkConnectionEnabled: false, pageLoadStrategy: normal, platform: MAC, platformName: MAC, proxy: Proxy(), se:cdp: ws://localhost:63770/devtoo..., se:cdpVersion: 94.0.4606.61, setWindowRect: true, strictFileInteractability: false, timeouts: {implicit: 0, pageLoad: 300000, script: 30000}, unhandledPromptBehavior: dismiss and notify, webauthn:extension:credBlob: true, webauthn:extension:largeBlob: true, webauthn:virtualAuthenticators: true}
Element: [[ChromeDriver: chrome on MAC (67eda134c39f2275df5d6589b323f1c6)] -> xpath: //div[@class='signin']/button]
Session ID: 67eda134c39f2275df5d6589b323f1c6
	at testscripts.SignInPageTest.signInTest(SignInPageTest.java:33)
]]></failure>
  </testcase>
</testsuite>