<?xml version="1.0" encoding="UTF-8"?>
<!-- Generated by org.testng.reporters.JUnitReportReporter -->
<testsuite hostname="Harshithas-MacBook-Pro.local" failures="0" tests="1" name="testscripts.BaseTest" time="14.391" errors="0" timestamp="2021-10-05T08:59:47 EDT" skipped="0">
  <testcase classname="testscripts.BaseTest" name="test" time="14.391"/>
  <system-out/>
</testsuite> <!-- testscripts.BaseTest -->
