<?xml version="1.0" encoding="UTF-8"?>
<!-- Generated by org.testng.reporters.JUnitReportReporter -->
<testsuite hostname="Harshithas-MacBook-Pro.local" failures="0" tests="2" name="testscripts.SignInPageTest" time="5.052" errors="1" timestamp="2021-10-05T08:59:47 EDT" skipped="0">
  <testcase classname="testscripts.SignInPageTest" name="signInTest" time="2.075">
    <error message="element click intercepted: Element &lt;button type=&quot;button&quot; class=&quot;btn btn-primary signin user disabled&quot; disabled=&quot;disabled&quot;&gt;...&lt;/button&gt; is not clickable at point (600, 455). Other element would receive the click: &lt;form id=&quot;login-form&quot; action=&quot;javascript:;&quot; autocomplete=&quot;off&quot; class=&quot;&quot; novalidate=&quot;novalidate&quot;&gt;...&lt;/form&gt;
  (Session info: headless chrome=94.0.4606.71)
Build info: version: &#039;4.0.0-rc-1&#039;, revision: &#039;bc5511cbda&#039;
System info: host: &#039;Harshithas-MacBook-Pro.local&#039;, ip: &#039;2607:fea8:5aa3:1100:0:0:0:698d%en0&#039;, os.name: &#039;Mac OS X&#039;, os.arch: &#039;x86_64&#039;, os.version: &#039;10.16&#039;, java.version: &#039;11.0.11&#039;
Driver info: org.openqa.selenium.chrome.ChromeDriver
Command: [19fc1e95462053059840d3aaf8e952cd, clickElement {id=8aef13a1-e3dc-4ef0-8bb9-ef22318770a4}]
Capabilities {acceptInsecureCerts: false, browserName: chrome, browserVersion: 94.0.4606.71, chrome: {chromedriverVersion: 94.0.4606.61 (418b78f5838ed..., userDataDir: /var/folders/4k/8dh31nz10j5...}, goog:chromeOptions: {debuggerAddress: localhost:57932}, javascriptEnabled: true, networkConnectionEnabled: false, pageLoadStrategy: normal, platform: MAC, platformName: MAC, proxy: Proxy(), se:cdp: ws://localhost:57932/devtoo..., se:cdpVersion: 94.0.4606.71, setWindowRect: true, strictFileInteractability: false, timeouts: {implicit: 0, pageLoad: 300000, script: 30000}, unhandledPromptBehavior: dismiss and notify, webauthn:extension:credBlob: true, webauthn:extension:largeBlob: true, webauthn:virtualAuthenticators: true}
Element: [[ChromeDriver: chrome on MAC (19fc1e95462053059840d3aaf8e952cd)] -&gt; xpath: //div[@class=&#039;signin&#039;]/button]
Session ID: 19fc1e95462053059840d3aaf8e952cd" type="org.openqa.selenium.ElementClickInterceptedException">
      <![CDATA[org.openqa.selenium.ElementClickInterceptedException: element click intercepted: Element <button type="button" class="btn btn-primary signin user disabled" disabled="disabled">...</button> is not clickable at point (600, 455). Other element would receive the click: <form id="login-form" action="javascript:;" autocomplete="off" class="" novalidate="novalidate">...</form>
  (Session info: headless chrome=94.0.4606.71)
Build info: version: '4.0.0-rc-1', revision: 'bc5511cbda'
System info: host: 'Harshithas-MacBook-Pro.local', ip: '2607:fea8:5aa3:1100:0:0:0:698d%en0', os.name: 'Mac OS X', os.arch: 'x86_64', os.version: '10.16', java.version: '11.0.11'
Driver info: org.openqa.selenium.chrome.ChromeDriver
Command: [19fc1e95462053059840d3aaf8e952cd, clickElement {id=8aef13a1-e3dc-4ef0-8bb9-ef22318770a4}]
Capabilities {acceptInsecureCerts: false, browserName: chrome, browserVersion: 94.0.4606.71, chrome: {chromedriverVersion: 94.0.4606.61 (418b78f5838ed..., userDataDir: /var/folders/4k/8dh31nz10j5...}, goog:chromeOptions: {debuggerAddress: localhost:57932}, javascriptEnabled: true, networkConnectionEnabled: false, pageLoadStrategy: normal, platform: MAC, platformName: MAC, proxy: Proxy(), se:cdp: ws://localhost:57932/devtoo..., se:cdpVersion: 94.0.4606.71, setWindowRect: true, strictFileInteractability: false, timeouts: {implicit: 0, pageLoad: 300000, script: 30000}, unhandledPromptBehavior: dismiss and notify, webauthn:extension:credBlob: true, webauthn:extension:largeBlob: true, webauthn:virtualAuthenticators: true}
Element: [[ChromeDriver: chrome on MAC (19fc1e95462053059840d3aaf8e952cd)] -> xpath: //div[@class='signin']/button]
Session ID: 19fc1e95462053059840d3aaf8e952cd
at java.base/jdk.internal.reflect.NativeConstructorAccessorImpl.newInstance0(Native Method)
at java.base/jdk.internal.reflect.NativeConstructorAccessorImpl.newInstance(NativeConstructorAccessorImpl.java:62)
at java.base/jdk.internal.reflect.DelegatingConstructorAccessorImpl.newInstance(DelegatingConstructorAccessorImpl.java:45)
at java.base/java.lang.reflect.Constructor.newInstance(Constructor.java:490)
at org.openqa.selenium.remote.codec.w3c.W3CHttpResponseCodec.createException(W3CHttpResponseCodec.java:200)
at org.openqa.selenium.remote.codec.w3c.W3CHttpResponseCodec.decode(W3CHttpResponseCodec.java:133)
at org.openqa.selenium.remote.codec.w3c.W3CHttpResponseCodec.decode(W3CHttpResponseCodec.java:53)
at org.openqa.selenium.remote.HttpCommandExecutor.execute(HttpCommandExecutor.java:184)
at org.openqa.selenium.remote.service.DriverCommandExecutor.invokeExecute(DriverCommandExecutor.java:164)
at org.openqa.selenium.remote.service.DriverCommandExecutor.execute(DriverCommandExecutor.java:139)
at org.openqa.selenium.remote.RemoteWebDriver.execute(RemoteWebDriver.java:547)
at org.openqa.selenium.remote.RemoteWebElement.execute(RemoteWebElement.java:251)
at org.openqa.selenium.remote.RemoteWebElement.click(RemoteWebElement.java:77)
at java.base/jdk.internal.reflect.NativeMethodAccessorImpl.invoke0(Native Method)
at java.base/jdk.internal.reflect.NativeMethodAccessorImpl.invoke(NativeMethodAccessorImpl.java:62)
at java.base/jdk.internal.reflect.DelegatingMethodAccessorImpl.invoke(DelegatingMethodAccessorImpl.java:43)
at java.base/java.lang.reflect.Method.invoke(Method.java:566)
at org.openqa.selenium.support.pagefactory.internal.LocatingElementHandler.invoke(LocatingElementHandler.java:52)
at com.sun.proxy.$Proxy30.click(Unknown Source)
at pages.SignInPage.clickSignIn(SignInPage.java:37)
at testscripts.SignInPageTest.signInTest(SignInPageTest.java:33)
at java.base/jdk.internal.reflect.NativeMethodAccessorImpl.invoke0(Native Method)
at java.base/jdk.internal.reflect.NativeMethodAccessorImpl.invoke(NativeMethodAccessorImpl.java:62)
at java.base/jdk.internal.reflect.DelegatingMethodAccessorImpl.invoke(DelegatingMethodAccessorImpl.java:43)
at java.base/java.lang.reflect.Method.invoke(Method.java:566)
at org.testng.internal.MethodInvocationHelper.invokeMethod(MethodInvocationHelper.java:133)
at org.testng.internal.TestInvoker.invokeMethod(TestInvoker.java:598)
at org.testng.internal.TestInvoker.invokeTestMethod(TestInvoker.java:173)
at org.testng.internal.MethodRunner.runInSequence(MethodRunner.java:46)
at org.testng.internal.TestInvoker$MethodInvocationAgent.invoke(TestInvoker.java:824)
at org.testng.internal.TestInvoker.invokeTestMethods(TestInvoker.java:146)
at org.testng.internal.TestMethodWorker.invokeTestMethods(TestMethodWorker.java:146)
at org.testng.internal.TestMethodWorker.run(TestMethodWorker.java:128)
at java.base/java.util.ArrayList.forEach(ArrayList.java:1541)
at org.testng.TestRunner.privateRun(TestRunner.java:794)
at org.testng.TestRunner.run(TestRunner.java:596)
at org.testng.SuiteRunner.runTest(SuiteRunner.java:377)
at org.testng.SuiteRunner.access$000(SuiteRunner.java:28)
at org.testng.SuiteRunner$SuiteWorker.run(SuiteRunner.java:418)
at org.testng.internal.thread.ThreadUtil.lambda$execute$0(ThreadUtil.java:64)
at java.base/java.util.concurrent.FutureTask.run(FutureTask.java:264)
at java.base/java.util.concurrent.ThreadPoolExecutor.runWorker(ThreadPoolExecutor.java:1128)
at java.base/java.util.concurrent.ThreadPoolExecutor$Worker.run(ThreadPoolExecutor.java:628)
at java.base/java.lang.Thread.run(Thread.java:834)
]]>
    </error>
  </testcase> <!-- signInTest -->
  <system-out/>
  <testcase classname="testscripts.SignInPageTest" name="signInTest" time="2.977"/>
  <system-out/>
</testsuite> <!-- testscripts.SignInPageTest -->
