<?xml version="1.0" encoding="UTF-8"?>
<!-- Generated by org.testng.reporters.JUnitReportReporter -->
<testsuite hostname="Harshithas-MacBook-Pro.local" failures="0" tests="1" name="testscripts.BaseTest" time="12.587" errors="0" timestamp="2021-10-02T18:20:54 EDT" skipped="0">
  <testcase classname="testscripts.BaseTest" name="test" time="12.587"/>
  <system-out/>
</testsuite> <!-- testscripts.BaseTest -->
