<?xml version="1.0" encoding="UTF-8"?>
<!-- Generated by org.testng.reporters.JUnitReportReporter -->
<testsuite hostname="Harshithas-MacBook-Pro.local" failures="0" tests="1" name="testscripts.BaseTest" time="22.141" errors="0" timestamp="2021-10-02T21:44:40 EDT" skipped="0">
  <testcase classname="testscripts.BaseTest" name="test" time="22.141"/>
  <system-out/>
</testsuite> <!-- testscripts.BaseTest -->
